Arguments: 
  D:\work\nodejs\node.exe C:\Program Files (x86)\Yarn\bin\yarn.js add @element-plus/icons

PATH: 
  C:\WINDOWS\system32;C:\WINDOWS;C:\WINDOWS\System32\Wbem;C:\WINDOWS\System32\WindowsPowerShell\v1.0\;C:\WINDOWS\System32\OpenSSH\;D:\work\Git\cmd;D:\work\nodejs\;C:\Program Files\TortoiseGit\bin;D:\work\phpstudy_pro\Extensions\php\php5.6.9nts;C:\Program Files (x86)\Yarn\bin\;;D:\work\微信web开发者工具\dll;C:\Users\Administrator\AppData\Local\Microsoft\WindowsApps;C:\ProgramData\Microsoft\Windows\Start Menu\Programs\Node.js;D:\work\Microsoft VS Code\bin;D:\work\phpstudy_pro\Extensions\MySQL5.7.26\bin;C:\Users\Administrator\AppData\Local\Programs\Microsoft VS Code Insiders\bin;C:\Users\Administrator\AppData\Local\Yarn\bin;C:\Users\Administrator\AppData\Roaming\npm;

Yarn version: 
  1.22.15

Node version: 
  14.15.0

Platform: 
  win32 x64

Trace: 
  Error: EPERM: operation not permitted, unlink 'D:\桌面\富强\vue3\vite\my-vue-app\node_modules\esbuild-windows-64\esbuild.exe'

npm manifest: 
  {
    "name": "my-vue-app",
    "version": "0.0.0",
    "scripts": {
      "dev": "vite",
      "build": "vue-tsc --noEmit && vite build",
      "preview": "vite preview"
    },
    "dependencies": {
      "element-plus": "^1.3.0-beta.8",
      "vue": "^3.2.25",
      "vue-router": "^4.0.12",
      "vuex": "^4.0.2"
    },
    "devDependencies": {
      "@vitejs/plugin-vue": "^2.0.0",
      "typescript": "^4.4.4",
      "vite": "^2.7.2",
      "vue-tsc": "^0.29.8"
    }
  }

yarn manifest: 
  No manifest

Lockfile: 
  # THIS IS AN AUTOGENERATED FILE. DO NOT EDIT THIS FILE DIRECTLY.
  # yarn lockfile v1
  
  
  "@babel/helper-validator-identifier@^7.16.7":
    "integrity" "sha512-hsEnFemeiW4D08A5gUAZxLBTXpZ39P+a+DGDsHw1yxqyQ/jzFEnxf5uTEGp+3bzAbNOxU1paTgYS4ECU/IgfDw=="
    "resolved" "https://registry.npmmirror.com/@babel/helper-validator-identifier/download/@babel/helper-validator-identifier-7.16.7.tgz"
    "version" "7.16.7"
  
  "@babel/parser@^7.16.4", "@babel/parser@^7.6.0", "@babel/parser@^7.9.6":
    "integrity" "sha512-VfaV15po8RiZssrkPweyvbGVSe4x2y+aciFCgn0n0/SJMR22cwofRV1mtnJQYcSB1wUTaA/X1LnA3es66MCO5A=="
    "resolved" "https://registry.npmmirror.com/@babel/parser/download/@babel/parser-7.16.12.tgz"
    "version" "7.16.12"
  
  "@babel/types@^7.6.1", "@babel/types@^7.9.6":
    "integrity" "sha512-smN2DQc5s4M7fntyjGtyIPbRJv6wW4rU/94fmYJ7PKQuZkC0qGMHXJbg6sNGt12JmVr4k5YaptI/XtiLJBnmIg=="
    "resolved" "https://registry.npmmirror.com/@babel/types/download/@babel/types-7.16.8.tgz"
    "version" "7.16.8"
    dependencies:
      "@babel/helper-validator-identifier" "^7.16.7"
      "to-fast-properties" "^2.0.0"
  
  "@ctrl/tinycolor@^3.4.0":
    "integrity" "sha1-w8WuVDyJfKqcKmhjC+01W+X5mQ8="
    "resolved" "https://registry.npmmirror.com/@ctrl/tinycolor/download/@ctrl/tinycolor-3.4.0.tgz"
    "version" "3.4.0"
  
  "@element-plus/icons-vue@^0.2.6":
    "integrity" "sha512-2gg7VCq4d2firgl7/aVym4Cx/wqKFwKybEQGJiiWJN4urW36+QdAEG1knqSD9qidbjhVp0Jnc9XdSTR1/4Whzw=="
    "resolved" "https://registry.npmmirror.com/@element-plus/icons-vue/download/@element-plus/icons-vue-0.2.6.tgz"
    "version" "0.2.6"
  
  "@emmetio/abbreviation@^2.2.2":
    "integrity" "sha1-dGdi/Z56jC6mBPWAxi48/iUOaYk="
    "resolved" "https://registry.nlark.com/@emmetio/abbreviation/download/@emmetio/abbreviation-2.2.2.tgz"
    "version" "2.2.2"
    dependencies:
      "@emmetio/scanner" "^1.0.0"
  
  "@emmetio/css-abbreviation@^2.1.4":
    "integrity" "sha1-kDYuihEizjt29sMVeQfTAYL1P1Q="
    "resolved" "https://registry.npm.taobao.org/@emmetio/css-abbreviation/download/@emmetio/css-abbreviation-2.1.4.tgz"
    "version" "2.1.4"
    dependencies:
      "@emmetio/scanner" "^1.0.0"
  
  "@emmetio/scanner@^1.0.0":
    "integrity" "sha1-Blsq9iM/50dNRII+PeuJckr0K18="
    "resolved" "https://registry.npm.taobao.org/@emmetio/scanner/download/@emmetio/scanner-1.0.0.tgz"
    "version" "1.0.0"
  
  "@popperjs/core@^2.11.2":
    "integrity" "sha512-92FRmppjjqz29VMJ2dn+xdyXZBrMlE42AV6Kq6BwjWV7CNUW1hs2FtxSNLQE+gJhaZ6AAmYuO9y8dshhcBl7vA=="
    "resolved" "https://registry.npmmirror.com/@popperjs/core/download/@popperjs/core-2.11.2.tgz"
    "version" "2.11.2"
  
  "@vitejs/plugin-vue@^2.0.0":
    "integrity" "sha512-AZ78WxvFMYd8JmM/GBV6a6SGGTU0GgN/0/4T+FnMMsLzFEzTeAUwuraapy50ifHZsC+G5SvWs86bvaCPTneFlA=="
    "resolved" "https://registry.npmmirror.com/@vitejs/plugin-vue/download/@vitejs/plugin-vue-2.1.0.tgz"
    "version" "2.1.0"
  
  "@volar/code-gen@0.29.8":
    "integrity" "sha512-eohLLUqPChHRPDFT5gXn4V6pr/CeTri7Ou5GI26lUvBRRAbP8p+oYfQRcbMPGeKmVkYjfVj0chsxQGx6T8PQ4Q=="
    "resolved" "https://registry.npmmirror.com/@volar/code-gen/download/@volar/code-gen-0.29.8.tgz"
    "version" "0.29.8"
    dependencies:
      "@volar/shared" "0.29.8"
      "@volar/source-map" "0.29.8"
  
  "@volar/html2pug@0.29.8":
    "integrity" "sha512-bhSNXg8A2aD3w0B+CwmHjqCAaKtj5rORbE5C/q/UdGqptJbC6STCmi30KuRTdfPhR++Xb18Hauf3s/WCmtNAPA=="
    "resolved" "https://registry.npmmirror.com/@volar/html2pug/download/@volar/html2pug-0.29.8.tgz"
    "version" "0.29.8"
    dependencies:
      "domelementtype" "^2.2.0"
      "domhandler" "^4.2.2"
      "htmlparser2" "^7.1.2"
      "pug" "^3.0.2"
  
  "@volar/shared@0.29.8":
    "integrity" "sha512-Y1NN6irkIukD+T0wf4p/dHWYL90sacN2e2lYoDXxRlvoYxwANnHgw0J0Rcp+yw58ElWRScdG7/YntEIuZWeJsw=="
    "resolved" "https://registry.npmmirror.com/@volar/shared/download/@volar/shared-0.29.8.tgz"
    "version" "0.29.8"
    dependencies:
      "upath" "^2.0.1"
      "vscode-jsonrpc" "^8.0.0-next.2"
      "vscode-uri" "^3.0.2"
  
  "@volar/source-map@0.29.8":
    "integrity" "sha512-7w+UoYtnc6UQu30CgMVvx0YN4dzDgP4TIsSmUaW62AGmxU9Lxwp3Kkn/4N8efi91z8ma5Z78v/HddyJPwAC3LA=="
    "resolved" "https://registry.npmmirror.com/@volar/source-map/download/@volar/source-map-0.29.8.tgz"
    "version" "0.29.8"
    dependencies:
      "@volar/shared" "0.29.8"
  
  "@volar/transforms@0.29.8":
    "integrity" "sha512-o2hRa8CoDwYTO1Mu5KA47+1elUnYUjDaVhCvbyKlRfd8qpHea2llotArq7B6OORSL2M9DVs1IRJ5NGURBFeZ3Q=="
    "resolved" "https://registry.npmmirror.com/@volar/transforms/download/@volar/transforms-0.29.8.tgz"
    "version" "0.29.8"
    dependencies:
      "@volar/shared" "0.29.8"
      "vscode-languageserver" "^8.0.0-next.2"
  
  "@volar/vue-code-gen@0.29.8":
    "integrity" "sha512-E1e7P2oktNC/DzgDBditfla4s8+HlUlluZ+BtcLvEdbkl3QEjujkB0x1wxguWzXmpWgLIDPtrS3Jzll5cCOkTg=="
    "resolved" "https://registry.npmmirror.com/@volar/vue-code-gen/download/@volar/vue-code-gen-0.29.8.tgz"
    "version" "0.29.8"
    dependencies:
      "@volar/code-gen" "0.29.8"
      "@volar/shared" "0.29.8"
      "@volar/source-map" "0.29.8"
      "@vue/compiler-core" "^3.2.21"
      "@vue/compiler-dom" "^3.2.21"
      "@vue/shared" "^3.2.21"
      "upath" "^2.0.1"
  
  "@vscode/emmet-helper@^2.8.0":
    "integrity" "sha512-dkTSL+BaBBS8gFgPm/GMOU+XfxaMyI+Fl1IUYxEi8Iv24RfHf9/q2eCpV2hs7sncLcoKWEbMYe5gv4Ppmp2Oxw=="
    "resolved" "https://registry.npmmirror.com/@vscode/emmet-helper/download/@vscode/emmet-helper-2.8.3.tgz"
    "version" "2.8.3"
    dependencies:
      "emmet" "^2.3.0"
      "jsonc-parser" "^2.3.0"
      "vscode-languageserver-textdocument" "^1.0.1"
      "vscode-languageserver-types" "^3.15.1"
      "vscode-nls" "^5.0.0"
      "vscode-uri" "^2.1.2"
  
  "@vue/compiler-core@^3.2.21", "@vue/compiler-core@3.2.29":
    "integrity" "sha512-RePZ/J4Ub3sb7atQw6V6Rez+/5LCRHGFlSetT3N4VMrejqJnNPXKUt5AVm/9F5MJriy2w/VudEIvgscCfCWqxw=="
    "resolved" "https://registry.npmmirror.com/@vue/compiler-core/download/@vue/compiler-core-3.2.29.tgz"
    "version" "3.2.29"
    dependencies:
      "@babel/parser" "^7.16.4"
      "@vue/shared" "3.2.29"
      "estree-walker" "^2.0.2"
      "source-map" "^0.6.1"
  
  "@vue/compiler-dom@^3.2.21", "@vue/compiler-dom@3.2.29":
    "integrity" "sha512-y26vK5khdNS9L3ckvkqJk/78qXwWb75Ci8iYLb67AkJuIgyKhIOcR1E8RIt4mswlVCIeI9gQ+fmtdhaiTAtrBQ=="
    "resolved" "https://registry.npmmirror.com/@vue/compiler-dom/download/@vue/compiler-dom-3.2.29.tgz"
    "version" "3.2.29"
    dependencies:
      "@vue/compiler-core" "3.2.29"
      "@vue/shared" "3.2.29"
  
  "@vue/compiler-sfc@3.2.29":
    "integrity" "sha512-X9+0dwsag2u6hSOP/XsMYqFti/edvYvxamgBgCcbSYuXx1xLZN+dS/GvQKM4AgGS4djqo0jQvWfIXdfZ2ET68g=="
    "resolved" "https://registry.npmmirror.com/@vue/compiler-sfc/download/@vue/compiler-sfc-3.2.29.tgz"
    "version" "3.2.29"
    dependencies:
      "@babel/parser" "^7.16.4"
      "@vue/compiler-core" "3.2.29"
      "@vue/compiler-dom" "3.2.29"
      "@vue/compiler-ssr" "3.2.29"
      "@vue/reactivity-transform" "3.2.29"
      "@vue/shared" "3.2.29"
      "estree-walker" "^2.0.2"
      "magic-string" "^0.25.7"
      "postcss" "^8.1.10"
      "source-map" "^0.6.1"
  
  "@vue/compiler-ssr@3.2.29":
    "integrity" "sha512-LrvQwXlx66uWsB9/VydaaqEpae9xtmlUkeSKF6aPDbzx8M1h7ukxaPjNCAXuFd3fUHblcri8k42lfimHfzMICA=="
    "resolved" "https://registry.npmmirror.com/@vue/compiler-ssr/download/@vue/compiler-ssr-3.2.29.tgz"
    "version" "3.2.29"
    dependencies:
      "@vue/compiler-dom" "3.2.29"
      "@vue/shared" "3.2.29"
  
  "@vue/devtools-api@^6.0.0-beta.11", "@vue/devtools-api@^6.0.0-beta.18":
    "integrity" "sha512-FqC4s3pm35qGVeXRGOjTsRzlkJjrBLriDS9YXbflHLsfA9FrcKzIyWnLXoNm+/7930E8rRakXuAc2QkC50swAw=="
    "resolved" "https://registry.npmmirror.com/@vue/devtools-api/download/@vue/devtools-api-6.0.0-beta.21.1.tgz"
    "version" "6.0.0-beta.21.1"
  
  "@vue/reactivity-transform@3.2.29":
    "integrity" "sha512-YF6HdOuhdOw6KyRm59+3rML8USb9o8mYM1q+SH0G41K3/q/G7uhPnHGKvspzceD7h9J3VR1waOQ93CUZj7J7OA=="
    "resolved" "https://registry.npmmirror.com/@vue/reactivity-transform/download/@vue/reactivity-transform-3.2.29.tgz"
    "version" "3.2.29"
    dependencies:
      "@babel/parser" "^7.16.4"
      "@vue/compiler-core" "3.2.29"
      "@vue/shared" "3.2.29"
      "estree-walker" "^2.0.2"
      "magic-string" "^0.25.7"
  
  "@vue/reactivity@^3.2.21", "@vue/reactivity@3.2.29":
    "integrity" "sha512-Ryhb6Gy62YolKXH1gv42pEqwx7zs3n8gacRVZICSgjQz8Qr8QeCcFygBKYfJm3o1SccR7U+bVBQDWZGOyG1k4g=="
    "resolved" "https://registry.npmmirror.com/@vue/reactivity/download/@vue/reactivity-3.2.29.tgz"
    "version" "3.2.29"
    dependencies:
      "@vue/shared" "3.2.29"
  
  "@vue/runtime-core@3.2.29":
    "integrity" "sha512-VMvQuLdzoTGmCwIKTKVwKmIL0qcODIqe74JtK1pVr5lnaE0l25hopodmPag3RcnIcIXe+Ye3B2olRCn7fTCgig=="
    "resolved" "https://registry.npmmirror.com/@vue/runtime-core/download/@vue/runtime-core-3.2.29.tgz"
    "version" "3.2.29"
    dependencies:
      "@vue/reactivity" "3.2.29"
      "@vue/shared" "3.2.29"
  
  "@vue/runtime-dom@3.2.29":
    "integrity" "sha512-YJgLQLwr+SQyORzTsBQLL5TT/5UiV83tEotqjL7F9aFDIQdFBTCwpkCFvX9jqwHoyi9sJqM9XtTrMcc8z/OjPA=="
    "resolved" "https://registry.npmmirror.com/@vue/runtime-dom/download/@vue/runtime-dom-3.2.29.tgz"
    "version" "3.2.29"
    dependencies:
      "@vue/runtime-core" "3.2.29"
      "@vue/shared" "3.2.29"
      "csstype" "^2.6.8"
  
  "@vue/server-renderer@3.2.29":
    "integrity" "sha512-lpiYx7ciV7rWfJ0tPkoSOlLmwqBZ9FTmQm33S+T4g0j1fO/LmhJ9b9Ctl1o5xvIFVDk9QkSUWANZn7H2pXuxVw=="
    "resolved" "https://registry.npmmirror.com/@vue/server-renderer/download/@vue/server-renderer-3.2.29.tgz"
    "version" "3.2.29"
    dependencies:
      "@vue/compiler-ssr" "3.2.29"
      "@vue/shared" "3.2.29"
  
  "@vue/shared@^3.2.21", "@vue/shared@3.2.29":
    "integrity" "sha512-BjNpU8OK6Z0LVzGUppEk0CMYm/hKDnZfYdjSmPOs0N+TR1cLKJAkDwW8ASZUvaaSLEi6d3hVM7jnWnX+6yWnHw=="
    "resolved" "https://registry.npmmirror.com/@vue/shared/download/@vue/shared-3.2.29.tgz"
    "version" "3.2.29"
  
  "@vueuse/core@^7.5.4":
    "integrity" "sha512-PKmyHN2lZuttGgKmsoMMqiSojSYYKraszilP0gpQIGcLt2YoLABaG3VFjdPs2tY6DM+HG3o70HuzOMEQCY8fqQ=="
    "resolved" "https://registry.npmmirror.com/@vueuse/core/download/@vueuse/core-7.5.4.tgz"
    "version" "7.5.4"
    dependencies:
      "@vueuse/shared" "7.5.4"
      "vue-demi" "*"
  
  "@vueuse/shared@7.5.4":
    "integrity" "sha512-750RnGUEgg1+K4jGVkv7M5UOStAa/IjAInV6BugyBOvRYL2l1lcIDUi4V/qIKTlhd2oUAByCEnlqIpFD2a3tfw=="
    "resolved" "https://registry.npmmirror.com/@vueuse/shared/download/@vueuse/shared-7.5.4.tgz"
    "version" "7.5.4"
    dependencies:
      "vue-demi" "*"
  
  "acorn@^7.1.1":
    "integrity" "sha512-nQyp0o1/mNdbTO1PO6kHkwSrmgZ0MT/jCCpNiwbUjGoRN4dlBhqJtoQuCnEOKzgTVwg0ZWiCoQy6SxMebQVh8A=="
    "resolved" "https://registry.npmmirror.com/acorn/download/acorn-7.4.1.tgz"
    "version" "7.4.1"
  
  "asap@~2.0.3":
    "integrity" "sha1-5QNHYR1+aQlDIIu9r+vLwvuGbUY="
    "resolved" "https://registry.nlark.com/asap/download/asap-2.0.6.tgz"
    "version" "2.0.6"
  
  "assert-never@^1.2.1":
    "integrity" "sha1-EfDjY78UYgX7CBk7XHuQ9NHPRP4="
    "resolved" "https://registry.npmmirror.com/assert-never/download/assert-never-1.2.1.tgz"
    "version" "1.2.1"
  
  "async-validator@^4.0.7":
    "integrity" "sha1-A0oP0hA6ay6/AQ2nUYO+wpkkev4="
    "resolved" "https://registry.npmmirror.com/async-validator/download/async-validator-4.0.7.tgz"
    "version" "4.0.7"
  
  "babel-walk@3.0.0-canary-5":
    "integrity" "sha1-9m7Ncpg1eu5ElV8jWm71QhkQSxE="
    "resolved" "https://registry.nlark.com/babel-walk/download/babel-walk-3.0.0-canary-5.tgz"
    "version" "3.0.0-canary-5"
    dependencies:
      "@babel/types" "^7.9.6"
  
  "call-bind@^1.0.2":
    "integrity" "sha1-sdTonmiBGcPJqQOtMKuy9qkZvjw="
    "resolved" "https://registry.nlark.com/call-bind/download/call-bind-1.0.2.tgz?cache=0&sync_timestamp=1622604538146&other_urls=https%3A%2F%2Fregistry.nlark.com%2Fcall-bind%2Fdownload%2Fcall-bind-1.0.2.tgz"
    "version" "1.0.2"
    dependencies:
      "function-bind" "^1.1.1"
      "get-intrinsic" "^1.0.2"
  
  "character-parser@^2.2.0":
    "integrity" "sha1-x84o821LzZdE5f/CxfzeHHMmH8A="
    "resolved" "https://registry.npmmirror.com/character-parser/download/character-parser-2.2.0.tgz"
    "version" "2.2.0"
    dependencies:
      "is-regex" "^1.0.3"
  
  "constantinople@^4.0.1":
    "integrity" "sha1-De8RP6Dk3I3oMzGlz3nIsyUhMVE="
    "resolved" "https://registry.nlark.com/constantinople/download/constantinople-4.0.1.tgz"
    "version" "4.0.1"
    dependencies:
      "@babel/parser" "^7.6.0"
      "@babel/types" "^7.6.1"
  
  "csstype@^2.6.8":
    "integrity" "sha512-ZVxXaNy28/k3kJg0Fou5MiYpp88j7H9hLZp8PDC3jV0WFjfH5E9xHb56L0W59cPbKbcHXeP4qyT8PrHp8t6LcQ=="
    "resolved" "https://registry.npmmirror.com/csstype/download/csstype-2.6.19.tgz?cache=0&sync_timestamp=1637224514674&other_urls=https%3A%2F%2Fregistry.npmmirror.com%2Fcsstype%2Fdownload%2Fcsstype-2.6.19.tgz"
    "version" "2.6.19"
  
  "dayjs@^1.10.7":
    "integrity" "sha512-P6twpd70BcPK34K26uJ1KT3wlhpuOAPoMwJzpsIWUxHZ7wpmbdZL/hQqBDfz7hGurYSa5PhzdhDHtt319hL3ig=="
    "resolved" "https://registry.npmmirror.com/dayjs/download/dayjs-1.10.7.tgz"
    "version" "1.10.7"
  
  "doctypes@^1.1.0":
    "integrity" "sha1-6oCxBqh1OHdOijpKWv4pPeSJ4Kk="
    "resolved" "https://registry.nlark.com/doctypes/download/doctypes-1.1.0.tgz"
    "version" "1.1.0"
  
  "dom-serializer@^1.0.1":
    "integrity" "sha1-YgZDfTLO767HFhgDIwx6ILwbTZE="
    "resolved" "https://registry.nlark.com/dom-serializer/download/dom-serializer-1.3.2.tgz"
    "version" "1.3.2"
    dependencies:
      "domelementtype" "^2.0.1"
      "domhandler" "^4.2.0"
      "entities" "^2.0.0"
  
  "domelementtype@^2.0.1", "domelementtype@^2.2.0":
    "integrity" "sha1-mgtsJ4LtahxzI9QiZxg9+b2LHVc="
    "resolved" "https://registry.nlark.com/domelementtype/download/domelementtype-2.2.0.tgz"
    "version" "2.2.0"
  
  "domhandler@^4.2.0", "domhandler@^4.2.2":
    "integrity" "sha512-fC0aXNQXqKSFTr2wDNZDhsEYjCiYsDWl3D01kwt25hm1YIPyDGHvvi3rw+PLqHAl/m71MaiF7d5zvBr0p5UB2g=="
    "resolved" "https://registry.npmmirror.com/domhandler/download/domhandler-4.3.0.tgz"
    "version" "4.3.0"
    dependencies:
      "domelementtype" "^2.2.0"
  
  "domutils@^2.8.0":
    "integrity" "sha1-RDfe9dtuLR9dbuhZvZXKfQIEgTU="
    "resolved" "https://registry.nlark.com/domutils/download/domutils-2.8.0.tgz"
    "version" "2.8.0"
    dependencies:
      "dom-serializer" "^1.0.1"
      "domelementtype" "^2.2.0"
      "domhandler" "^4.2.0"
  
  "element-plus@^1.3.0-beta.8":
    "integrity" "sha512-PRYzCKKqHoQ5IWpNj0hxPyjjRhaKlQvN0WNPeVrIe4OK7SxsV2Q8lfwIwn0GDYg8uYANTytxkg0Bky8Y+SALOQ=="
    "resolved" "https://registry.npmmirror.com/element-plus/download/element-plus-1.3.0-beta.8.tgz"
    "version" "1.3.0-beta.8"
    dependencies:
      "@ctrl/tinycolor" "^3.4.0"
      "@element-plus/icons-vue" "^0.2.6"
      "@popperjs/core" "^2.11.2"
      "@vueuse/core" "^7.5.4"
      "async-validator" "^4.0.7"
      "dayjs" "^1.10.7"
      "lodash" "^4.17.21"
      "memoize-one" "^6.0.0"
      "normalize-wheel-es" "^1.1.1"
  
  "emmet@^2.3.0":
    "integrity" "sha512-LcWfTamJnXIdMfLvJEC5Ld3hY5/KHXgv1L1bp6I7eEvB0ZhacHZ1kX0BYovJ8FroEsreLcq7n7kZhRMsf6jkXQ=="
    "resolved" "https://registry.npmmirror.com/emmet/download/emmet-2.3.5.tgz"
    "version" "2.3.5"
    dependencies:
      "@emmetio/abbreviation" "^2.2.2"
      "@emmetio/css-abbreviation" "^2.1.4"
  
  "entities@^2.0.0":
    "integrity" "sha1-CY3JDruD2N/6CJ1VJWs1HTTE2lU="
    "resolved" "https://registry.nlark.com/entities/download/entities-2.2.0.tgz?cache=0&sync_timestamp=1628508189267&other_urls=https%3A%2F%2Fregistry.nlark.com%2Fentities%2Fdownload%2Fentities-2.2.0.tgz"
    "version" "2.2.0"
  
  "entities@^3.0.1":
    "integrity" "sha1-K4h8piWF6W2zkDSC0zbBAGwwAdQ="
    "resolved" "https://registry.nlark.com/entities/download/entities-3.0.1.tgz?cache=0&sync_timestamp=1628508189267&other_urls=https%3A%2F%2Fregistry.nlark.com%2Fentities%2Fdownload%2Fentities-3.0.1.tgz"
    "version" "3.0.1"
  
  "esbuild-windows-64@0.13.15":
    "integrity" "sha512-9aMsPRGDWCd3bGjUIKG/ZOJPKsiztlxl/Q3C1XDswO6eNX/Jtwu4M+jb6YDH9hRSUflQWX0XKAfWzgy5Wk54JQ=="
    "resolved" "https://registry.npmmirror.com/esbuild-windows-64/download/esbuild-windows-64-0.13.15.tgz"
    "version" "0.13.15"
  
  "esbuild@^0.13.12":
    "integrity" "sha512-raCxt02HBKv8RJxE8vkTSCXGIyKHdEdGfUmiYb8wnabnaEmHzyW7DCHb5tEN0xU8ryqg5xw54mcwnYkC4x3AIw=="
    "resolved" "https://registry.npmmirror.com/esbuild/download/esbuild-0.13.15.tgz"
    "version" "0.13.15"
    optionalDependencies:
      "esbuild-android-arm64" "0.13.15"
      "esbuild-darwin-64" "0.13.15"
      "esbuild-darwin-arm64" "0.13.15"
      "esbuild-freebsd-64" "0.13.15"
      "esbuild-freebsd-arm64" "0.13.15"
      "esbuild-linux-32" "0.13.15"
      "esbuild-linux-64" "0.13.15"
      "esbuild-linux-arm" "0.13.15"
      "esbuild-linux-arm64" "0.13.15"
      "esbuild-linux-mips64le" "0.13.15"
      "esbuild-linux-ppc64le" "0.13.15"
      "esbuild-netbsd-64" "0.13.15"
      "esbuild-openbsd-64" "0.13.15"
      "esbuild-sunos-64" "0.13.15"
      "esbuild-windows-32" "0.13.15"
      "esbuild-windows-64" "0.13.15"
      "esbuild-windows-arm64" "0.13.15"
  
  "estree-walker@^2.0.2":
    "integrity" "sha1-UvAQF4wqTBF6d1fP6UKtt9LaTKw="
    "resolved" "https://registry.npmmirror.com/estree-walker/download/estree-walker-2.0.2.tgz"
    "version" "2.0.2"
  
  "function-bind@^1.1.1":
    "integrity" "sha1-pWiZ0+o8m6uHS7l3O3xe3pL0iV0="
    "resolved" "https://registry.nlark.com/function-bind/download/function-bind-1.1.1.tgz"
    "version" "1.1.1"
  
  "get-intrinsic@^1.0.2":
    "integrity" "sha1-FfWfN2+FXERpY5SPDSTNNje0q8Y="
    "resolved" "https://registry.nlark.com/get-intrinsic/download/get-intrinsic-1.1.1.tgz?cache=0&sync_timestamp=1622604540833&other_urls=https%3A%2F%2Fregistry.nlark.com%2Fget-intrinsic%2Fdownload%2Fget-intrinsic-1.1.1.tgz"
    "version" "1.1.1"
    dependencies:
      "function-bind" "^1.1.1"
      "has" "^1.0.3"
      "has-symbols" "^1.0.1"
  
  "has-symbols@^1.0.1", "has-symbols@^1.0.2":
    "integrity" "sha1-Fl0wcMADCXUqEjakeTMeOsVvFCM="
    "resolved" "https://registry.nlark.com/has-symbols/download/has-symbols-1.0.2.tgz"
    "version" "1.0.2"
  
  "has-tostringtag@^1.0.0":
    "integrity" "sha1-fhM4GKfTlHNPlB5zw9P5KR5liyU="
    "resolved" "https://registry.nlark.com/has-tostringtag/download/has-tostringtag-1.0.0.tgz"
    "version" "1.0.0"
    dependencies:
      "has-symbols" "^1.0.2"
  
  "has@^1.0.3":
    "integrity" "sha1-ci18v8H2qoJB8W3YFOAR4fQeh5Y="
    "resolved" "https://registry.nlark.com/has/download/has-1.0.3.tgz"
    "version" "1.0.3"
    dependencies:
      "function-bind" "^1.1.1"
  
  "htmlparser2@^7.1.2":
    "integrity" "sha512-H7MImA4MS6cw7nbyURtLPO1Tms7C5H602LRETv95z1MxO/7CP7rDVROehUYeYBUYEON94NXXDEPmZuq+hX4sog=="
    "resolved" "https://registry.npmmirror.com/htmlparser2/download/htmlparser2-7.2.0.tgz?cache=0&sync_timestamp=1636640933377&other_urls=https%3A%2F%2Fregistry.npmmirror.com%2Fhtmlparser2%2Fdownload%2Fhtmlparser2-7.2.0.tgz"
    "version" "7.2.0"
    dependencies:
      "domelementtype" "^2.0.1"
      "domhandler" "^4.2.2"
      "domutils" "^2.8.0"
      "entities" "^3.0.1"
  
  "is-core-module@^2.8.1":
    "integrity" "sha512-SdNCUs284hr40hFTFP6l0IfZ/RSrMXF3qgoRHd3/79unUTvrFO/JoXwkGm+5J/Oe3E/b5GsnG330uUNgRpu1PA=="
    "resolved" "https://registry.npmmirror.com/is-core-module/download/is-core-module-2.8.1.tgz"
    "version" "2.8.1"
    dependencies:
      "has" "^1.0.3"
  
  "is-expression@^4.0.0":
    "integrity" "sha1-wzFVliq/IdCv0lUlFNZ9LsFv0qs="
    "resolved" "https://registry.nlark.com/is-expression/download/is-expression-4.0.0.tgz"
    "version" "4.0.0"
    dependencies:
      "acorn" "^7.1.1"
      "object-assign" "^4.1.1"
  
  "is-promise@^2.0.0":
    "integrity" "sha1-OauVnMv5p3TPB597QMeib3YxNfE="
    "resolved" "https://registry.nlark.com/is-promise/download/is-promise-2.2.2.tgz"
    "version" "2.2.2"
  
  "is-regex@^1.0.3":
    "integrity" "sha1-7vVmPNWfpMCuM5UFMj32hUuxWVg="
    "resolved" "https://registry.nlark.com/is-regex/download/is-regex-1.1.4.tgz?cache=0&sync_timestamp=1628221905423&other_urls=https%3A%2F%2Fregistry.nlark.com%2Fis-regex%2Fdownload%2Fis-regex-1.1.4.tgz"
    "version" "1.1.4"
    dependencies:
      "call-bind" "^1.0.2"
      "has-tostringtag" "^1.0.0"
  
  "js-stringify@^1.0.2":
    "integrity" "sha1-Fzb939lyTyijaCrcYjCufk6Weds="
    "resolved" "https://registry.nlark.com/js-stringify/download/js-stringify-1.0.2.tgz"
    "version" "1.0.2"
  
  "jsonc-parser@^2.3.0":
    "integrity" "sha1-WVSRULEz8u+sykj+nOHsBlmvI0I="
    "resolved" "https://registry.nlark.com/jsonc-parser/download/jsonc-parser-2.3.1.tgz"
    "version" "2.3.1"
  
  "jsonc-parser@^3.0.0":
    "integrity" "sha1-q914VwHH5+rKip7IzwcMpRp0WiI="
    "resolved" "https://registry.nlark.com/jsonc-parser/download/jsonc-parser-3.0.0.tgz"
    "version" "3.0.0"
  
  "jstransformer@1.0.0":
    "integrity" "sha1-7Yvwkh4vPx7U1cGkT2hwntJHIsM="
    "resolved" "https://registry.nlark.com/jstransformer/download/jstransformer-1.0.0.tgz"
    "version" "1.0.0"
    dependencies:
      "is-promise" "^2.0.0"
      "promise" "^7.0.1"
  
  "lodash@^4.17.21":
    "integrity" "sha512-v2kDEe57lecTulaDIuNTPy3Ry4gLGJ6Z1O3vE1krgXZNrsQ+LFTGHVxVjcXPs17LhbZVGedAJv8XZ1tvj5FvSg=="
    "resolved" "https://registry.npmmirror.com/lodash/download/lodash-4.17.21.tgz"
    "version" "4.17.21"
  
  "lru-cache@^6.0.0":
    "integrity" "sha1-bW/mVw69lqr5D8rR2vo7JWbbOpQ="
    "resolved" "https://registry.nlark.com/lru-cache/download/lru-cache-6.0.0.tgz"
    "version" "6.0.0"
    dependencies:
      "yallist" "^4.0.0"
  
  "magic-string@^0.25.7":
    "integrity" "sha1-P0l9b9NMZpxnmNy4IfLvMfVEUFE="
    "resolved" "https://registry.nlark.com/magic-string/download/magic-string-0.25.7.tgz"
    "version" "0.25.7"
    dependencies:
      "sourcemap-codec" "^1.4.4"
  
  "memoize-one@^6.0.0":
    "integrity" "sha1-slkbhx7YKUiu5HJ9xqvO7qyMEEU="
    "resolved" "https://registry.npmmirror.com/memoize-one/download/memoize-one-6.0.0.tgz"
    "version" "6.0.0"
  
  "nanoid@^3.1.30":
    "integrity" "sha512-fmsZYa9lpn69Ad5eDn7FMcnnSR+8R34W9qJEijxYhTbfOWzr22n1QxCMzXLK+ODyW2973V3Fux959iQoUxzUIA=="
    "resolved" "https://registry.npmmirror.com/nanoid/download/nanoid-3.2.0.tgz"
    "version" "3.2.0"
  
  "normalize-wheel-es@^1.1.1":
    "integrity" "sha1-qAlttqVvlDMtiE/Y6+2ojy/HlWk="
    "resolved" "https://registry.npmmirror.com/normalize-wheel-es/download/normalize-wheel-es-1.1.1.tgz?cache=0&sync_timestamp=1635733968623&other_urls=https%3A%2F%2Fregistry.npmmirror.com%2Fnormalize-wheel-es%2Fdownload%2Fnormalize-wheel-es-1.1.1.tgz"
    "version" "1.1.1"
  
  "object-assign@^4.1.1":
    "integrity" "sha1-IQmtx5ZYh8/AXLvUQsrIv7s2CGM="
    "resolved" "https://registry.nlark.com/object-assign/download/object-assign-4.1.1.tgz"
    "version" "4.1.1"
  
  "path-parse@^1.0.7":
    "integrity" "sha1-+8EUtgykKzDZ2vWFjkvWi77bZzU="
    "resolved" "https://registry.nlark.com/path-parse/download/path-parse-1.0.7.tgz?cache=0&sync_timestamp=1622604541821&other_urls=https%3A%2F%2Fregistry.nlark.com%2Fpath-parse%2Fdownload%2Fpath-parse-1.0.7.tgz"
    "version" "1.0.7"
  
  "picocolors@^1.0.0":
    "integrity" "sha1-y1vcdP8/UYkiNur3nWi8RFZKuBw="
    "resolved" "https://registry.npmmirror.com/picocolors/download/picocolors-1.0.0.tgz?cache=0&sync_timestamp=1634093442271&other_urls=https%3A%2F%2Fregistry.npmmirror.com%2Fpicocolors%2Fdownload%2Fpicocolors-1.0.0.tgz"
    "version" "1.0.0"
  
  "postcss@^8.1.10", "postcss@^8.4.5":
    "integrity" "sha512-jBDboWM8qpaqwkMwItqTQTiFikhs/67OYVvblFFTM7MrZjt6yMKd6r2kgXizEbTTljacm4NldIlZnhbjr84QYg=="
    "resolved" "https://registry.npmmirror.com/postcss/download/postcss-8.4.5.tgz"
    "version" "8.4.5"
    dependencies:
      "nanoid" "^3.1.30"
      "picocolors" "^1.0.0"
      "source-map-js" "^1.0.1"
  
  "promise@^7.0.1":
    "integrity" "sha1-BktyYCsY+Q8pGSuLG8QY/9Hr078="
    "resolved" "https://registry.nlark.com/promise/download/promise-7.3.1.tgz"
    "version" "7.3.1"
    dependencies:
      "asap" "~2.0.3"
  
  "pug-attrs@^3.0.0":
    "integrity" "sha1-sQRR4DSBZeMfrRzCPr3dncc0fEE="
    "resolved" "https://registry.nlark.com/pug-attrs/download/pug-attrs-3.0.0.tgz"
    "version" "3.0.0"
    dependencies:
      "constantinople" "^4.0.1"
      "js-stringify" "^1.0.2"
      "pug-runtime" "^3.0.0"
  
  "pug-code-gen@^3.0.2":
    "integrity" "sha1-rRkPSUMTO/GGtguA3kgxAOEy4s4="
    "resolved" "https://registry.nlark.com/pug-code-gen/download/pug-code-gen-3.0.2.tgz"
    "version" "3.0.2"
    dependencies:
      "constantinople" "^4.0.1"
      "doctypes" "^1.1.0"
      "js-stringify" "^1.0.2"
      "pug-attrs" "^3.0.0"
      "pug-error" "^2.0.0"
      "pug-runtime" "^3.0.0"
      "void-elements" "^3.1.0"
      "with" "^7.0.0"
  
  "pug-error@^2.0.0":
    "integrity" "sha1-XGIXPLCcNN4qLOBPF7it/sdNjKU="
    "resolved" "https://registry.npmmirror.com/pug-error/download/pug-error-2.0.0.tgz"
    "version" "2.0.0"
  
  "pug-filters@^4.0.0":
    "integrity" "sha1-0+Sa9bqEcum3pm2YDnB86dLMm14="
    "resolved" "https://registry.nlark.com/pug-filters/download/pug-filters-4.0.0.tgz"
    "version" "4.0.0"
    dependencies:
      "constantinople" "^4.0.1"
      "jstransformer" "1.0.0"
      "pug-error" "^2.0.0"
      "pug-walk" "^2.0.0"
      "resolve" "^1.15.1"
  
  "pug-lexer@^5.0.1":
    "integrity" "sha1-rkRijFvvmxkLZlaDsojKkCS4sNU="
    "resolved" "https://registry.nlark.com/pug-lexer/download/pug-lexer-5.0.1.tgz"
    "version" "5.0.1"
    dependencies:
      "character-parser" "^2.2.0"
      "is-expression" "^4.0.0"
      "pug-error" "^2.0.0"
  
  "pug-linker@^4.0.0":
    "integrity" "sha1-EsvAWU/Fo+Brn8Web5PBRpYqdwg="
    "resolved" "https://registry.nlark.com/pug-linker/download/pug-linker-4.0.0.tgz"
    "version" "4.0.0"
    dependencies:
      "pug-error" "^2.0.0"
      "pug-walk" "^2.0.0"
  
  "pug-load@^3.0.0":
    "integrity" "sha1-n9nNpSICsIrbEdJWgfufNL1BtmI="
    "resolved" "https://registry.nlark.com/pug-load/download/pug-load-3.0.0.tgz"
    "version" "3.0.0"
    dependencies:
      "object-assign" "^4.1.1"
      "pug-walk" "^2.0.0"
  
  "pug-parser@^6.0.0":
    "integrity" "sha1-qP3ANYY6lbLB3F6/Ts+AtOdqEmA="
    "resolved" "https://registry.nlark.com/pug-parser/download/pug-parser-6.0.0.tgz"
    "version" "6.0.0"
    dependencies:
      "pug-error" "^2.0.0"
      "token-stream" "1.0.0"
  
  "pug-runtime@^3.0.0", "pug-runtime@^3.0.1":
    "integrity" "sha1-9jaXYgRyPzWoxfb61qzaKhkbg9c="
    "resolved" "https://registry.nlark.com/pug-runtime/download/pug-runtime-3.0.1.tgz"
    "version" "3.0.1"
  
  "pug-strip-comments@^2.0.0":
    "integrity" "sha1-+UsH/WtJVSMzD0kKf1VLT/h2MD4="
    "resolved" "https://registry.nlark.com/pug-strip-comments/download/pug-strip-comments-2.0.0.tgz"
    "version" "2.0.0"
    dependencies:
      "pug-error" "^2.0.0"
  
  "pug-walk@^2.0.0":
    "integrity" "sha1-QXqrwpIyu0SZtbUGmistKiTV9f4="
    "resolved" "https://registry.nlark.com/pug-walk/download/pug-walk-2.0.0.tgz"
    "version" "2.0.0"
  
  "pug@^3.0.2":
    "integrity" "sha1-81xxBzQ0VOQ7wnrg/3bHMbeOpTU="
    "resolved" "https://registry.npmmirror.com/pug/download/pug-3.0.2.tgz"
    "version" "3.0.2"
    dependencies:
      "pug-code-gen" "^3.0.2"
      "pug-filters" "^4.0.0"
      "pug-lexer" "^5.0.1"
      "pug-linker" "^4.0.0"
      "pug-load" "^3.0.0"
      "pug-parser" "^6.0.0"
      "pug-runtime" "^3.0.1"
      "pug-strip-comments" "^2.0.0"
  
  "request-light@^0.5.4":
    "integrity" "sha512-i/wKzvcx7Er8tZnvqSxWuNO5ZGggu2UgZAqj/RyZ0si7lBTXL7kZiI/dWxzxnQjaY7s5HEy1qK21Do4Ncr6cVw=="
    "resolved" "https://registry.npmmirror.com/request-light/download/request-light-0.5.7.tgz"
    "version" "0.5.7"
  
  "resolve@^1.15.1", "resolve@^1.20.0":
    "integrity" "sha512-Hhtrw0nLeSrFQ7phPp4OOcVjLPIeMnRlr5mcnVuMe7M/7eBn98A3hmFRLoFo3DLZkivSYwhRUJTyPyWAk56WLw=="
    "resolved" "https://registry.npmmirror.com/resolve/download/resolve-1.22.0.tgz"
    "version" "1.22.0"
    dependencies:
      "is-core-module" "^2.8.1"
      "path-parse" "^1.0.7"
      "supports-preserve-symlinks-flag" "^1.0.0"
  
  "rollup@^2.59.0":
    "integrity" "sha512-crSgLhSkLMnKr4s9iZ/1qJCplgAgrRY+igWv8KhG/AjKOJ0YX/WpmANyn8oxrw+zenF3BXWDLa7Xl/QZISH+7w=="
    "resolved" "https://registry.npmmirror.com/rollup/download/rollup-2.66.1.tgz"
    "version" "2.66.1"
    optionalDependencies:
      "fsevents" "~2.3.2"
  
  "semver@^7.3.5":
    "integrity" "sha1-C2Ich5NI2JmOSw5L6Us/EuYBjvc="
    "resolved" "https://registry.nlark.com/semver/download/semver-7.3.5.tgz?cache=0&sync_timestamp=1622604551741&other_urls=https%3A%2F%2Fregistry.nlark.com%2Fsemver%2Fdownload%2Fsemver-7.3.5.tgz"
    "version" "7.3.5"
    dependencies:
      "lru-cache" "^6.0.0"
  
  "source-map-js@^1.0.1":
    "integrity" "sha512-R0XvVJ9WusLiqTCEiGCmICCMplcCkIwwR11mOSD9CR5u+IXYdiseeEuXCVAjS54zqwkLcPNnmU4OeJ6tUrWhDw=="
    "resolved" "https://registry.npmmirror.com/source-map-js/download/source-map-js-1.0.2.tgz"
    "version" "1.0.2"
  
  "source-map@^0.6.1":
    "integrity" "sha1-dHIq8y6WFOnCh6jQu95IteLxomM="
    "resolved" "https://registry.nlark.com/source-map/download/source-map-0.6.1.tgz"
    "version" "0.6.1"
  
  "sourcemap-codec@^1.4.4":
    "integrity" "sha1-6oBL2UhXQC5pktBaOO8a41qatMQ="
    "resolved" "https://registry.nlark.com/sourcemap-codec/download/sourcemap-codec-1.4.8.tgz"
    "version" "1.4.8"
  
  "supports-preserve-symlinks-flag@^1.0.0":
    "integrity" "sha512-ot0WnXS9fgdkgIcePe6RHNk1WA8+muPa6cSjeR3V8K27q9BB1rTE3R1p7Hv0z1ZyAc8s6Vvv8DIyWf681MAt0w=="
    "resolved" "https://registry.npmmirror.com/supports-preserve-symlinks-flag/download/supports-preserve-symlinks-flag-1.0.0.tgz"
    "version" "1.0.0"
  
  "to-fast-properties@^2.0.0":
    "integrity" "sha1-3F5pjL0HkmW8c+A3doGk5Og/YW4="
    "resolved" "https://registry.nlark.com/to-fast-properties/download/to-fast-properties-2.0.0.tgz?cache=0&sync_timestamp=1628418855671&other_urls=https%3A%2F%2Fregistry.nlark.com%2Fto-fast-properties%2Fdownload%2Fto-fast-properties-2.0.0.tgz"
    "version" "2.0.0"
  
  "token-stream@1.0.0":
    "integrity" "sha1-zCAOqyYT9BZtJ/+a/HylbUnfbrQ="
    "resolved" "https://registry.nlark.com/token-stream/download/token-stream-1.0.0.tgz"
    "version" "1.0.0"
  
  "typescript@*", "typescript@^4.4.4":
    "integrity" "sha512-TCTIul70LyWe6IJWT8QSYeA54WQe8EjQFU4wY52Fasj5UKx88LNYKCgBEHcOMOrFF1rKGbD8v/xcNWVUq9SymA=="
    "resolved" "https://registry.npmmirror.com/typescript/download/typescript-4.5.5.tgz"
    "version" "4.5.5"
  
  "upath@^2.0.1":
    "integrity" "sha1-UMc96mjW9rmQ9R0nnOYIFmXWGos="
    "resolved" "https://registry.nlark.com/upath/download/upath-2.0.1.tgz?cache=0&sync_timestamp=1622604485792&other_urls=https%3A%2F%2Fregistry.nlark.com%2Fupath%2Fdownload%2Fupath-2.0.1.tgz"
    "version" "2.0.1"
  
  "vite@^2.5.10", "vite@^2.7.2":
    "integrity" "sha512-Mq8et7f3aK0SgSxjDNfOAimZGW9XryfHRa/uV0jseQSilg+KhYDSoNb9h1rknOy6SuMkvNDLKCYAYYUMCE+IgQ=="
    "resolved" "https://registry.npmmirror.com/vite/download/vite-2.7.13.tgz"
    "version" "2.7.13"
    dependencies:
      "esbuild" "^0.13.12"
      "postcss" "^8.4.5"
      "resolve" "^1.20.0"
      "rollup" "^2.59.0"
    optionalDependencies:
      "fsevents" "~2.3.2"
  
  "void-elements@^3.1.0":
    "integrity" "sha1-YU9/v42AHwu18GYfWy9XhXUOTwk="
    "resolved" "https://registry.nlark.com/void-elements/download/void-elements-3.1.0.tgz"
    "version" "3.1.0"
  
  "vscode-css-languageservice@^5.1.7":
    "integrity" "sha512-293C5C2732Rbhh3opTs+nQBpC5Dd+oYrEA8lc0OWdyt40oYmJ331FV7NMF1SLFSIcOFB5XveLiWUZak2oyc49Q=="
    "resolved" "https://registry.npmmirror.com/vscode-css-languageservice/download/vscode-css-languageservice-5.1.12.tgz"
    "version" "5.1.12"
    dependencies:
      "vscode-languageserver-textdocument" "^1.0.1"
      "vscode-languageserver-types" "^3.16.0"
      "vscode-nls" "^5.0.0"
      "vscode-uri" "^3.0.2"
  
  "vscode-html-languageservice@^4.1.0":
    "integrity" "sha512-PgaToZVXJ44nFWEBuSINdDgVV6EnpC3MnXBsysR3O5TKcAfywbYeRGRy+Y4dVR7YeUgDvtb+JkJoSkaYC0mxXQ=="
    "resolved" "https://registry.npmmirror.com/vscode-html-languageservice/download/vscode-html-languageservice-4.2.1.tgz"
    "version" "4.2.1"
    dependencies:
      "vscode-languageserver-textdocument" "^1.0.1"
      "vscode-languageserver-types" "^3.16.0"
      "vscode-nls" "^5.0.0"
      "vscode-uri" "^3.0.2"
  
  "vscode-json-languageservice@^4.1.8":
    "integrity" "sha512-IHliMEEYSY0tJjJt0ECb8ESx/nRXpoy9kN42WVQXgaqGyizFAf3jibSiezDQTrrY7f3kywXggCU+kkJEM+OLZQ=="
    "resolved" "https://registry.npmmirror.com/vscode-json-languageservice/download/vscode-json-languageservice-4.1.10.tgz"
    "version" "4.1.10"
    dependencies:
      "jsonc-parser" "^3.0.0"
      "vscode-languageserver-textdocument" "^1.0.1"
      "vscode-languageserver-types" "^3.16.0"
      "vscode-nls" "^5.0.0"
      "vscode-uri" "^3.0.2"
  
  "vscode-jsonrpc@^8.0.0-next.2", "vscode-jsonrpc@8.0.0-next.5":
    "integrity" "sha512-owRllqcFTnz5rXxcbmHPFGmpFmLqj9Z1V3Dzrv+s8ejOHLIT62Pyb5Uqzyl2/in2VP22DmzErPgZwrxjLCIKiQ=="
    "resolved" "https://registry.npmmirror.com/vscode-jsonrpc/download/vscode-jsonrpc-8.0.0-next.5.tgz"
    "version" "8.0.0-next.5"
  
  "vscode-languageserver-protocol@3.17.0-next.12":
    "integrity" "sha512-VLRcWKOpCXcx9UrqrS+NSF6pNxV498VGYGW+eyp9a79/F9ElUq3wdG6acXYlEfpWHuIxpm6MXps8FU88wqIgTg=="
    "resolved" "https://registry.npmmirror.com/vscode-languageserver-protocol/download/vscode-languageserver-protocol-3.17.0-next.12.tgz"
    "version" "3.17.0-next.12"
    dependencies:
      "vscode-jsonrpc" "8.0.0-next.5"
      "vscode-languageserver-types" "3.17.0-next.6"
  
  "vscode-languageserver-textdocument@^1.0.1":
    "integrity" "sha512-ynEGytvgTb6HVSUwPJIAZgiHQmPCx8bZ8w5um5Lz+q5DjP0Zj8wTFhQpyg8xaMvefDytw2+HH5yzqS+FhsR28A=="
    "resolved" "https://registry.npmmirror.com/vscode-languageserver-textdocument/download/vscode-languageserver-textdocument-1.0.3.tgz"
    "version" "1.0.3"
  
  "vscode-languageserver-types@^3.15.1", "vscode-languageserver-types@^3.16.0":
    "integrity" "sha1-7POT/BIexpdLLaPvsxVWRMUU4kc="
    "resolved" "https://registry.npmmirror.com/vscode-languageserver-types/download/vscode-languageserver-types-3.16.0.tgz"
    "version" "3.16.0"
  
  "vscode-languageserver-types@3.17.0-next.6":
    "integrity" "sha512-rHYeCotiabJHgvIYzWjV8g0dHCxyOQtcryTv1Xa1horaQ4jx2V+rjLBstc6zMpCyrnZcjorwEcAvGBDCd6wudw=="
    "resolved" "https://registry.npmmirror.com/vscode-languageserver-types/download/vscode-languageserver-types-3.17.0-next.6.tgz"
    "version" "3.17.0-next.6"
  
  "vscode-languageserver@^8.0.0-next.2":
    "integrity" "sha512-RgGRAsXUksdtCrhtxFUeMXzqE4C/7AHSR6loIQY3GFDNIqrlEIkkQZg2Kkouf/i+eE/Iummn2ZB85VKNTBQgsQ=="
    "resolved" "https://registry.npmmirror.com/vscode-languageserver/download/vscode-languageserver-8.0.0-next.6.tgz"
    "version" "8.0.0-next.6"
    dependencies:
      "vscode-languageserver-protocol" "3.17.0-next.12"
  
  "vscode-nls@^5.0.0":
    "integrity" "sha1-mfDaC9nqfNpE5WWnTFSx8rwleEA="
    "resolved" "https://registry.nlark.com/vscode-nls/download/vscode-nls-5.0.0.tgz"
    "version" "5.0.0"
  
  "vscode-pug-languageservice@0.29.8":
    "integrity" "sha512-QHYAzDSJLg7GOLxCZ12qsM0dAM0dPeMSS1t4kKfzLsfpErmZpFzkAIXbidVrNMdMffGZMtTuIlcpEyWHbx96Iw=="
    "resolved" "https://registry.npmmirror.com/vscode-pug-languageservice/download/vscode-pug-languageservice-0.29.8.tgz"
    "version" "0.29.8"
    dependencies:
      "@volar/code-gen" "0.29.8"
      "@volar/shared" "0.29.8"
      "@volar/source-map" "0.29.8"
      "@volar/transforms" "0.29.8"
      "pug-lexer" "^5.0.1"
      "pug-parser" "^6.0.0"
      "vscode-languageserver" "^8.0.0-next.2"
  
  "vscode-typescript-languageservice@0.29.8":
    "integrity" "sha512-eecDqHk4WjEvy6VHQ6teHczppQ9yJO2wExCy7yu7WiFj35qbw0h4G6Erv46MvP3ClL8FggFzD7s1qM6vdqJUfw=="
    "resolved" "https://registry.npmmirror.com/vscode-typescript-languageservice/download/vscode-typescript-languageservice-0.29.8.tgz"
    "version" "0.29.8"
    dependencies:
      "@volar/shared" "0.29.8"
      "semver" "^7.3.5"
      "upath" "^2.0.1"
      "vscode-languageserver" "^8.0.0-next.2"
      "vscode-languageserver-textdocument" "^1.0.1"
  
  "vscode-uri@^2.1.2":
    "integrity" "sha1-yNQN6T61evMfPHFd1lDiyiwJbxw="
    "resolved" "https://registry.npmmirror.com/vscode-uri/download/vscode-uri-2.1.2.tgz"
    "version" "2.1.2"
  
  "vscode-uri@^3.0.2":
    "integrity" "sha512-EcswR2S8bpR7fD0YPeS7r2xXExrScVMxg4MedACaWHEtx9ftCF/qHG1xGkolzTPcEmjTavCQgbVzHUIdTMzFGA=="
    "resolved" "https://registry.npmmirror.com/vscode-uri/download/vscode-uri-3.0.3.tgz"
    "version" "3.0.3"
  
  "vscode-vue-languageservice@0.29.8":
    "integrity" "sha512-qSJdvW5ttyGUB/8uWDKgo8vnIoFnXYlBP4Z/cn54btsRn6ZMw7IJGJU1381e7p/yGvMTLeGbugD53SghbnSa6g=="
    "resolved" "https://registry.npmmirror.com/vscode-vue-languageservice/download/vscode-vue-languageservice-0.29.8.tgz"
    "version" "0.29.8"
    dependencies:
      "@volar/code-gen" "0.29.8"
      "@volar/html2pug" "0.29.8"
      "@volar/shared" "0.29.8"
      "@volar/source-map" "0.29.8"
      "@volar/transforms" "0.29.8"
      "@volar/vue-code-gen" "0.29.8"
      "@vscode/emmet-helper" "^2.8.0"
      "@vue/reactivity" "^3.2.21"
      "@vue/shared" "^3.2.21"
      "request-light" "^0.5.4"
      "upath" "^2.0.1"
      "vscode-css-languageservice" "^5.1.7"
      "vscode-html-languageservice" "^4.1.0"
      "vscode-json-languageservice" "^4.1.8"
      "vscode-languageserver" "^8.0.0-next.2"
      "vscode-languageserver-textdocument" "^1.0.1"
      "vscode-pug-languageservice" "0.29.8"
      "vscode-typescript-languageservice" "0.29.8"
  
  "vue-demi@*":
    "integrity" "sha1-9+GO++z/0RqwadFHLXoG4xm0F0w="
    "resolved" "https://registry.npmmirror.com/vue-demi/download/vue-demi-0.12.1.tgz"
    "version" "0.12.1"
  
  "vue-router@^4.0.12":
    "integrity" "sha512-CPXvfqe+mZLB1kBWssssTiWg4EQERyqJZes7USiqfW9B5N2x+nHlnsM1D3b5CaJ6qgCvMmYJnz+G0iWjNCvXrg=="
    "resolved" "https://registry.npmmirror.com/vue-router/download/vue-router-4.0.12.tgz"
    "version" "4.0.12"
    dependencies:
      "@vue/devtools-api" "^6.0.0-beta.18"
  
  "vue-tsc@^0.29.8":
    "integrity" "sha512-pT0wLRjvRuSmB+J4WJT6uuV9mO0KtSSXEAtaVXZQzyk5+DJdbLIQTbRce/TXSkfqt1l1WogO78RjtOJFiMCgfQ=="
    "resolved" "https://registry.npmmirror.com/vue-tsc/download/vue-tsc-0.29.8.tgz"
    "version" "0.29.8"
    dependencies:
      "@volar/shared" "0.29.8"
      "vscode-vue-languageservice" "0.29.8"
  
  "vue@^2.6.0 || ^3.2.0", "vue@^3.0.0", "vue@^3.0.0-0 || ^2.6.0", "vue@^3.0.2", "vue@^3.2.0", "vue@^3.2.25", "vue@3.2.29":
    "integrity" "sha512-cFIwr7LkbtCRanjNvh6r7wp2yUxfxeM2yPpDQpAfaaLIGZSrUmLbNiSze9nhBJt5MrZ68Iqt0O5scwAMEVxF+Q=="
    "resolved" "https://registry.npmmirror.com/vue/download/vue-3.2.29.tgz"
    "version" "3.2.29"
    dependencies:
      "@vue/compiler-dom" "3.2.29"
      "@vue/compiler-sfc" "3.2.29"
      "@vue/runtime-dom" "3.2.29"
      "@vue/server-renderer" "3.2.29"
      "@vue/shared" "3.2.29"
  
  "vuex@^4.0.2":
    "integrity" "sha512-M6r8uxELjZIK8kTKDGgZTYX/ahzblnzC4isU1tpmEuOIIKmV+TRdc+H4s8ds2NuZ7wpUTdGRzJRtoj+lI+pc0Q=="
    "resolved" "https://registry.npmmirror.com/vuex/download/vuex-4.0.2.tgz"
    "version" "4.0.2"
    dependencies:
      "@vue/devtools-api" "^6.0.0-beta.11"
  
  "with@^7.0.0":
    "integrity" "sha1-zO461ULSVTinp6gKrSErmChJW6w="
    "resolved" "https://registry.nlark.com/with/download/with-7.0.2.tgz"
    "version" "7.0.2"
    dependencies:
      "@babel/parser" "^7.9.6"
      "@babel/types" "^7.9.6"
      "assert-never" "^1.2.1"
      "babel-walk" "3.0.0-canary-5"
  
  "yallist@^4.0.0":
    "integrity" "sha1-m7knkNnA7/7GO+c1GeEaNQGaOnI="
    "resolved" "https://registry.nlark.com/yallist/download/yallist-4.0.0.tgz?cache=0&sync_timestamp=1622604530774&other_urls=https%3A%2F%2Fregistry.nlark.com%2Fyallist%2Fdownload%2Fyallist-4.0.0.tgz"
    "version" "4.0.0"
